[
  {
    "level_": 0,
    "message_": "android.ndkVersion from module build.gradle is [23.1.7779620]",
    "file_": "",
    "tag_": "",
    "diagnosticCode_": 0,
    "memoizedIsInitialized": 1,
    "unknownFields": {
      "fields": {},
      "fieldsDescending": {}
    },
    "memoizedSize": -1,
    "memoizedHashCode": 1192835822
  },
  {
    "level_": 0,
    "message_": "android.ndkPath from module build.gradle is not set",
    "file_": "",
    "tag_": "",
    "diagnosticCode_": 0,
    "memoizedIsInitialized": 1,
    "unknownFields": {
      "fields": {},
      "fieldsDescending": {}
    },
    "memoizedSize": -1,
    "memoizedHashCode": -1293388232
  },
  {
    "level_": 0,
    "message_": "ndk.dir in local.properties is C:\\Users\\xingkun.zhang\\AppData\\Local\\Android\\Sdk\\ndk",
    "file_": "",
    "tag_": "",
    "diagnosticCode_": 0,
    "memoizedIsInitialized": 1,
    "unknownFields": {
      "fields": {},
      "fieldsDescending": {}
    },
    "memoizedSize": -1,
    "memoizedHashCode": 318850153
  },
  {
    "level_": 0,
    "message_": "Not considering ANDROID_NDK_HOME because support was removed after deprecation period.",
    "file_": "",
    "tag_": "",
    "diagnosticCode_": 0,
    "memoizedIsInitialized": 1,
    "unknownFields": {
      "fields": {},
      "fieldsDescending": {}
    },
    "memoizedSize": -1,
    "memoizedHashCode": 1273887031
  },
  {
    "level_": 0,
    "message_": "sdkFolder is C:\\Users\\xingkun.zhang\\AppData\\Local\\Android\\Sdk",
    "file_": "",
    "tag_": "",
    "diagnosticCode_": 0,
    "memoizedIsInitialized": 1,
    "unknownFields": {
      "fields": {},
      "fieldsDescending": {}
    },
    "memoizedSize": -1,
    "memoizedHashCode": -1202683141
  },
  {
    "level_": 3,
    "message_": "NDK at C:\\Users\\xingkun.zhang\\AppData\\Local\\Android\\Sdk\\ndk did not have a source.properties file",
    "file_": "",
    "tag_": "",
    "diagnosticCode_": 1101,
    "memoizedIsInitialized": 1,
    "unknownFields": {
      "fields": {},
      "fieldsDescending": {}
    },
    "memoizedSize": -1,
    "memoizedHashCode": 2134231895
  },
  {
    "level_": 0,
    "message_": "Folder C:\\Users\\xingkun.zhang\\AppData\\Local\\Android\\Sdk\\ndk does not exist. Ignoring.",
    "file_": "",
    "tag_": "",
    "diagnosticCode_": 0,
    "memoizedIsInitialized": 1,
    "unknownFields": {
      "fields": {},
      "fieldsDescending": {}
    },
    "memoizedSize": -1,
    "memoizedHashCode": -1588045154
  },
  {
    "level_": 3,
    "message_": "Location specified by ndk.dir (C:\\Users\\xingkun.zhang\\AppData\\Local\\Android\\Sdk\\ndk) did not contain a valid NDK and couldn\u0027t be used",
    "file_": "",
    "tag_": "",
    "diagnosticCode_": 1102,
    "memoizedIsInitialized": 1,
    "unknownFields": {
      "fields": {},
      "fieldsDescending": {}
    },
    "memoizedSize": -1,
    "memoizedHashCode": -611429007
  }
]